#
# There is insufficient memory for the Java Runtime Environment to continue.
# Native memory allocation (mmap) failed to map 65536 bytes for Failed to commit metaspace.
# Possible reasons:
#   The system is out of physical RAM or swap space
#   The process is running with CompressedOops enabled, and the Java Heap may be blocking the growth of the native heap
# Possible solutions:
#   Reduce memory load on the system
#   Increase physical memory or swap space
#   Check if swap backing store is full
#   Decrease Java heap size (-Xmx/-Xms)
#   Decrease number of Java threads
#   Decrease Java thread stack sizes (-Xss)
#   Set larger code cache with -XX:ReservedCodeCacheSize=
#   JVM is running with Unscaled Compressed Oops mode in which the Java heap is
#     placed in the first 4GB address space. The Java Heap base address is the
#     maximum limit for the native heap growth. Please use -XX:HeapBaseMinAddress
#     to set the Java Heap base and to place the Java Heap above 4GB virtual address.
# This output file may be truncated or incomplete.
#
#  Out of Memory Error (virtualSpaceNode.cpp:112), pid=24416, tid=14804
#
# JRE version: OpenJDK Runtime Environment (21.0+35) (build 21+35-2513)
# Java VM: OpenJDK 64-Bit Server VM (21+35-2513, mixed mode, sharing, tiered, compressed oops, compressed class ptrs, g1 gc, windows-amd64)
# No core dump will be written. Minidumps are not enabled by default on client versions of Windows
#

---------------  S U M M A R Y ------------

Command Line: -Dmaven.multiModuleProjectDirectory=C:\Users\valek\Downloads\OrquestadorMicroservicios-main\webhook -Djansi.passthrough=true -Dmaven.home=C:\Users\valek\.m2\wrapper\dists\apache-maven-3.9.9-bin\4nf9hui3q3djbarqar9g711ggc\apache-maven-3.9.9 -Dclassworlds.conf=C:\Users\valek\.m2\wrapper\dists\apache-maven-3.9.9-bin\4nf9hui3q3djbarqar9g711ggc\apache-maven-3.9.9\bin\m2.conf -Dmaven.ext.class.path=C:\Program Files\JetBrains\IntelliJ IDEA Community Edition 2023.2.2\plugins\maven\lib\maven-event-listener.jar -javaagent:C:\Program Files\JetBrains\IntelliJ IDEA Community Edition 2023.2.2\lib\idea_rt.jar=62631:C:\Program Files\JetBrains\IntelliJ IDEA Community Edition 2023.2.2\bin -Dfile.encoding=UTF-8 -Dsun.stdout.encoding=UTF-8 -Dsun.stderr.encoding=UTF-8 org.codehaus.classworlds.Launcher -Didea.version=2023.2.2 clean install

Host: Intel(R) Core(TM) i5-10210U CPU @ 1.60GHz, 8 cores, 7G,  Windows 11 , 64 bit Build 22621 (10.0.22621.3958)
Time: Wed Oct 23 00:10:11 2024 Hora est. Pacífico, Sudamérica elapsed time: 0.357334 seconds (0d 0h 0m 0s)

---------------  T H R E A D  ---------------

Current thread (0x0000029a4d99bcf0):  JavaThread "C1 CompilerThread0" daemon [_thread_in_vm, id=14804, stack(0x000000b2dfc00000,0x000000b2dfd00000) (1024K)]


Current CompileTask:
C1:    357  285       3       java.util.zip.ZipUtils::CENCOM (9 bytes)

Stack: [0x000000b2dfc00000,0x000000b2dfd00000]
Native frames: (J=compiled Java code, j=interpreted, Vv=VM code, C=native code)
V  [jvm.dll+0x6c8d39]
V  [jvm.dll+0x854091]
V  [jvm.dll+0x85630e]
V  [jvm.dll+0x8569e3]
V  [jvm.dll+0x2809a6]
V  [jvm.dll+0x84fdce]
V  [jvm.dll+0x66c755]
V  [jvm.dll+0x66c7ba]
V  [jvm.dll+0x66efb6]
V  [jvm.dll+0x66ee82]
V  [jvm.dll+0x66d12e]
V  [jvm.dll+0x67e3aa]
V  [jvm.dll+0x677642]
V  [jvm.dll+0x1f4260]
V  [jvm.dll+0x1f4448]
V  [jvm.dll+0x153e9e]
V  [jvm.dll+0x1541d4]
V  [jvm.dll+0x153616]
V  [jvm.dll+0x15537d]
V  [jvm.dll+0x2583e9]
V  [jvm.dll+0x2569ca]
V  [jvm.dll+0x3eef66]
V  [jvm.dll+0x7fd2c8]
V  [jvm.dll+0x6c748d]
C  [ucrtbase.dll+0x29333]
C  [KERNEL32.DLL+0x1257d]
C  [ntdll.dll+0x5af08]


---------------  P R O C E S S  ---------------

Threads class SMR info:
_java_thread_list=0x0000029a4dcb1860, length=12, elements={
0x0000029a2ee85810, 0x0000029a4d97d0b0, 0x0000029a4d97ddd0, 0x0000029a4d9809b0,
0x0000029a4d981b20, 0x0000029a4d982580, 0x0000029a4d98d000, 0x0000029a4d9904f0,
0x0000029a4d99bcf0, 0x0000029a4dbfd110, 0x0000029a4dbfd7a0, 0x0000029a4dbfca80
}

Java Threads: ( => current thread )
  0x0000029a2ee85810 JavaThread "main"                              [_thread_in_vm, id=7544, stack(0x000000b2ded00000,0x000000b2dee00000) (1024K)]
  0x0000029a4d97d0b0 JavaThread "Reference Handler"          daemon [_thread_blocked, id=16228, stack(0x000000b2df500000,0x000000b2df600000) (1024K)]
  0x0000029a4d97ddd0 JavaThread "Finalizer"                  daemon [_thread_blocked, id=22724, stack(0x000000b2df600000,0x000000b2df700000) (1024K)]
  0x0000029a4d9809b0 JavaThread "Signal Dispatcher"          daemon [_thread_blocked, id=11760, stack(0x000000b2df700000,0x000000b2df800000) (1024K)]
  0x0000029a4d981b20 JavaThread "Attach Listener"            daemon [_thread_blocked, id=23212, stack(0x000000b2df800000,0x000000b2df900000) (1024K)]
  0x0000029a4d982580 JavaThread "Service Thread"             daemon [_thread_blocked, id=14064, stack(0x000000b2df900000,0x000000b2dfa00000) (1024K)]
  0x0000029a4d98d000 JavaThread "Monitor Deflation Thread"   daemon [_thread_blocked, id=15536, stack(0x000000b2dfa00000,0x000000b2dfb00000) (1024K)]
  0x0000029a4d9904f0 JavaThread "C2 CompilerThread0"         daemon [_thread_blocked, id=30452, stack(0x000000b2dfb00000,0x000000b2dfc00000) (1024K)]
=>0x0000029a4d99bcf0 JavaThread "C1 CompilerThread0"         daemon [_thread_in_vm, id=14804, stack(0x000000b2dfc00000,0x000000b2dfd00000) (1024K)]
  0x0000029a4dbfd110 JavaThread "Common-Cleaner"             daemon [_thread_blocked, id=4268, stack(0x000000b2dfd00000,0x000000b2dfe00000) (1024K)]
  0x0000029a4dbfd7a0 JavaThread "Monitor Ctrl-Break"         daemon [_thread_in_native, id=21776, stack(0x000000b2dfe00000,0x000000b2dff00000) (1024K)]
  0x0000029a4dbfca80 JavaThread "Notification Thread"        daemon [_thread_blocked, id=24208, stack(0x000000b2dff00000,0x000000b2e0000000) (1024K)]
Total: 12

Other Threads:
  0x0000029a4d95f5d0 VMThread "VM Thread"                           [id=12872, stack(0x000000b2df400000,0x000000b2df500000) (1024K)]
  0x0000029a4d9486e0 WatcherThread "VM Periodic Task Thread"        [id=18544, stack(0x000000b2df300000,0x000000b2df400000) (1024K)]
  0x0000029a2f180400 WorkerThread "GC Thread#0"                     [id=4504, stack(0x000000b2dee00000,0x000000b2def00000) (1024K)]
  0x0000029a2f190da0 ConcurrentGCThread "G1 Main Marker"            [id=30288, stack(0x000000b2def00000,0x000000b2df000000) (1024K)]
  0x0000029a2f191a50 WorkerThread "G1 Conc#0"                       [id=5824, stack(0x000000b2df000000,0x000000b2df100000) (1024K)]
  0x0000029a2f1ee650 ConcurrentGCThread "G1 Refine#0"               [id=24944, stack(0x000000b2df100000,0x000000b2df200000) (1024K)]
  0x0000029a4d81e2a0 ConcurrentGCThread "G1 Service"                [id=3960, stack(0x000000b2df200000,0x000000b2df300000) (1024K)]
Total: 7

Threads with active compile tasks:
C1 CompilerThread0      400  285       3       java.util.zip.ZipUtils::CENCOM (9 bytes)
Total: 1

VM state: not at safepoint (normal execution)

VM Mutex/Monitor currently owned by a thread:  ([mutex/lock_event])
[0x00007ffc0ee364c8] Metaspace_lock - owner thread: 0x0000029a4d99bcf0

Heap address: 0x0000000083200000, size: 1998 MB, Compressed Oops mode: 32-bit

CDS archive(s) mapped at: [0x0000029a4e000000-0x0000029a4ec90000-0x0000029a4ec90000), size 13172736, SharedBaseAddress: 0x0000029a4e000000, ArchiveRelocationMode: 1.
Compressed class space mapped at: 0x0000029a4f000000-0x0000029a8f000000, reserved size: 1073741824
Narrow klass base: 0x0000029a4e000000, Narrow klass shift: 0, Narrow klass range: 0x100000000

GC Precious Log:
 CardTable entry size: 512
 Card Set container configuration: InlinePtr #cards 5 size 8 Array Of Cards #cards 12 size 40 Howl #buckets 4 coarsen threshold 1843 Howl Bitmap #cards 512 size 80 coarsen threshold 460 Card regions per heap region 1 cards per card region 2048
 CPUs: 8 total, 8 available
 Memory: 7990M
 Large Page Support: Disabled
 NUMA Support: Disabled
 Compressed Oops: Enabled (32-bit)
 Heap Region Size: 1M
 Heap Min Capacity: 8M
 Heap Initial Capacity: 126M
 Heap Max Capacity: 1998M
 Pre-touch: Disabled
 Parallel Workers: 8
 Concurrent Workers: 2
 Concurrent Refinement Workers: 8
 Periodic GC: Disabled

Heap:
 garbage-first heap   total 129024K, used 3072K [0x0000000083200000, 0x0000000100000000)
  region size 1024K, 4 young (4096K), 0 survivors (0K)
 Metaspace       used 1083K, committed 1216K, reserved 1114112K
  class space    used 95K, committed 192K, reserved 1048576K

Heap Regions: E=young(eden), S=young(survivor), O=old, HS=humongous(starts), HC=humongous(continues), CS=collection set, F=free, TAMS=top-at-mark-start, PB=parsable bottom
|   0|0x0000000083200000, 0x0000000083200000, 0x0000000083300000|  0%| F|  |TAMS 0x0000000083200000| PB 0x0000000083200000| Untracked 
|   1|0x0000000083300000, 0x0000000083300000, 0x0000000083400000|  0%| F|  |TAMS 0x0000000083300000| PB 0x0000000083300000| Untracked 
|   2|0x0000000083400000, 0x0000000083400000, 0x0000000083500000|  0%| F|  |TAMS 0x0000000083400000| PB 0x0000000083400000| Untracked 
|   3|0x0000000083500000, 0x0000000083500000, 0x0000000083600000|  0%| F|  |TAMS 0x0000000083500000| PB 0x0000000083500000| Untracked 
|   4|0x0000000083600000, 0x0000000083600000, 0x0000000083700000|  0%| F|  |TAMS 0x0000000083600000| PB 0x0000000083600000| Untracked 
|   5|0x0000000083700000, 0x0000000083700000, 0x0000000083800000|  0%| F|  |TAMS 0x0000000083700000| PB 0x0000000083700000| Untracked 
|   6|0x0000000083800000, 0x0000000083800000, 0x0000000083900000|  0%| F|  |TAMS 0x0000000083800000| PB 0x0000000083800000| Untracked 
|   7|0x0000000083900000, 0x0000000083900000, 0x0000000083a00000|  0%| F|  |TAMS 0x0000000083900000| PB 0x0000000083900000| Untracked 
|   8|0x0000000083a00000, 0x0000000083a00000, 0x0000000083b00000|  0%| F|  |TAMS 0x0000000083a00000| PB 0x0000000083a00000| Untracked 
|   9|0x0000000083b00000, 0x0000000083b00000, 0x0000000083c00000|  0%| F|  |TAMS 0x0000000083b00000| PB 0x0000000083b00000| Untracked 
|  10|0x0000000083c00000, 0x0000000083c00000, 0x0000000083d00000|  0%| F|  |TAMS 0x0000000083c00000| PB 0x0000000083c00000| Untracked 
|  11|0x0000000083d00000, 0x0000000083d00000, 0x0000000083e00000|  0%| F|  |TAMS 0x0000000083d00000| PB 0x0000000083d00000| Untracked 
|  12|0x0000000083e00000, 0x0000000083e00000, 0x0000000083f00000|  0%| F|  |TAMS 0x0000000083e00000| PB 0x0000000083e00000| Untracked 
|  13|0x0000000083f00000, 0x0000000083f00000, 0x0000000084000000|  0%| F|  |TAMS 0x0000000083f00000| PB 0x0000000083f00000| Untracked 
|  14|0x0000000084000000, 0x0000000084000000, 0x0000000084100000|  0%| F|  |TAMS 0x0000000084000000| PB 0x0000000084000000| Untracked 
|  15|0x0000000084100000, 0x0000000084100000, 0x0000000084200000|  0%| F|  |TAMS 0x0000000084100000| PB 0x0000000084100000| Untracked 
|  16|0x0000000084200000, 0x0000000084200000, 0x0000000084300000|  0%| F|  |TAMS 0x0000000084200000| PB 0x0000000084200000| Untracked 
|  17|0x0000000084300000, 0x0000000084300000, 0x0000000084400000|  0%| F|  |TAMS 0x0000000084300000| PB 0x0000000084300000| Untracked 
|  18|0x0000000084400000, 0x0000000084400000, 0x0000000084500000|  0%| F|  |TAMS 0x0000000084400000| PB 0x0000000084400000| Untracked 
|  19|0x0000000084500000, 0x0000000084500000, 0x0000000084600000|  0%| F|  |TAMS 0x0000000084500000| PB 0x0000000084500000| Untracked 
|  20|0x0000000084600000, 0x0000000084600000, 0x0000000084700000|  0%| F|  |TAMS 0x0000000084600000| PB 0x0000000084600000| Untracked 
|  21|0x0000000084700000, 0x0000000084700000, 0x0000000084800000|  0%| F|  |TAMS 0x0000000084700000| PB 0x0000000084700000| Untracked 
|  22|0x0000000084800000, 0x0000000084800000, 0x0000000084900000|  0%| F|  |TAMS 0x0000000084800000| PB 0x0000000084800000| Untracked 
|  23|0x0000000084900000, 0x0000000084900000, 0x0000000084a00000|  0%| F|  |TAMS 0x0000000084900000| PB 0x0000000084900000| Untracked 
|  24|0x0000000084a00000, 0x0000000084a00000, 0x0000000084b00000|  0%| F|  |TAMS 0x0000000084a00000| PB 0x0000000084a00000| Untracked 
|  25|0x0000000084b00000, 0x0000000084b00000, 0x0000000084c00000|  0%| F|  |TAMS 0x0000000084b00000| PB 0x0000000084b00000| Untracked 
|  26|0x0000000084c00000, 0x0000000084c00000, 0x0000000084d00000|  0%| F|  |TAMS 0x0000000084c00000| PB 0x0000000084c00000| Untracked 
|  27|0x0000000084d00000, 0x0000000084d00000, 0x0000000084e00000|  0%| F|  |TAMS 0x0000000084d00000| PB 0x0000000084d00000| Untracked 
|  28|0x0000000084e00000, 0x0000000084e00000, 0x0000000084f00000|  0%| F|  |TAMS 0x0000000084e00000| PB 0x0000000084e00000| Untracked 
|  29|0x0000000084f00000, 0x0000000084f00000, 0x0000000085000000|  0%| F|  |TAMS 0x0000000084f00000| PB 0x0000000084f00000| Untracked 
|  30|0x0000000085000000, 0x0000000085000000, 0x0000000085100000|  0%| F|  |TAMS 0x0000000085000000| PB 0x0000000085000000| Untracked 
|  31|0x0000000085100000, 0x0000000085100000, 0x0000000085200000|  0%| F|  |TAMS 0x0000000085100000| PB 0x0000000085100000| Untracked 
|  32|0x0000000085200000, 0x0000000085200000, 0x0000000085300000|  0%| F|  |TAMS 0x0000000085200000| PB 0x0000000085200000| Untracked 
|  33|0x0000000085300000, 0x0000000085300000, 0x0000000085400000|  0%| F|  |TAMS 0x0000000085300000| PB 0x0000000085300000| Untracked 
|  34|0x0000000085400000, 0x0000000085400000, 0x0000000085500000|  0%| F|  |TAMS 0x0000000085400000| PB 0x0000000085400000| Untracked 
|  35|0x0000000085500000, 0x0000000085500000, 0x0000000085600000|  0%| F|  |TAMS 0x0000000085500000| PB 0x0000000085500000| Untracked 
|  36|0x0000000085600000, 0x0000000085600000, 0x0000000085700000|  0%| F|  |TAMS 0x0000000085600000| PB 0x0000000085600000| Untracked 
|  37|0x0000000085700000, 0x0000000085700000, 0x0000000085800000|  0%| F|  |TAMS 0x0000000085700000| PB 0x0000000085700000| Untracked 
|  38|0x0000000085800000, 0x0000000085800000, 0x0000000085900000|  0%| F|  |TAMS 0x0000000085800000| PB 0x0000000085800000| Untracked 
|  39|0x0000000085900000, 0x0000000085900000, 0x0000000085a00000|  0%| F|  |TAMS 0x0000000085900000| PB 0x0000000085900000| Untracked 
|  40|0x0000000085a00000, 0x0000000085a00000, 0x0000000085b00000|  0%| F|  |TAMS 0x0000000085a00000| PB 0x0000000085a00000| Untracked 
|  41|0x0000000085b00000, 0x0000000085b00000, 0x0000000085c00000|  0%| F|  |TAMS 0x0000000085b00000| PB 0x0000000085b00000| Untracked 
|  42|0x0000000085c00000, 0x0000000085c00000, 0x0000000085d00000|  0%| F|  |TAMS 0x0000000085c00000| PB 0x0000000085c00000| Untracked 
|  43|0x0000000085d00000, 0x0000000085d00000, 0x0000000085e00000|  0%| F|  |TAMS 0x0000000085d00000| PB 0x0000000085d00000| Untracked 
|  44|0x0000000085e00000, 0x0000000085e00000, 0x0000000085f00000|  0%| F|  |TAMS 0x0000000085e00000| PB 0x0000000085e00000| Untracked 
|  45|0x0000000085f00000, 0x0000000085f00000, 0x0000000086000000|  0%| F|  |TAMS 0x0000000085f00000| PB 0x0000000085f00000| Untracked 
|  46|0x0000000086000000, 0x0000000086000000, 0x0000000086100000|  0%| F|  |TAMS 0x0000000086000000| PB 0x0000000086000000| Untracked 
|  47|0x0000000086100000, 0x0000000086100000, 0x0000000086200000|  0%| F|  |TAMS 0x0000000086100000| PB 0x0000000086100000| Untracked 
|  48|0x0000000086200000, 0x0000000086200000, 0x0000000086300000|  0%| F|  |TAMS 0x0000000086200000| PB 0x0000000086200000| Untracked 
|  49|0x0000000086300000, 0x0000000086300000, 0x0000000086400000|  0%| F|  |TAMS 0x0000000086300000| PB 0x0000000086300000| Untracked 
|  50|0x0000000086400000, 0x0000000086400000, 0x0000000086500000|  0%| F|  |TAMS 0x0000000086400000| PB 0x0000000086400000| Untracked 
|  51|0x0000000086500000, 0x0000000086500000, 0x0000000086600000|  0%| F|  |TAMS 0x0000000086500000| PB 0x0000000086500000| Untracked 
|  52|0x0000000086600000, 0x0000000086600000, 0x0000000086700000|  0%| F|  |TAMS 0x0000000086600000| PB 0x0000000086600000| Untracked 
|  53|0x0000000086700000, 0x0000000086700000, 0x0000000086800000|  0%| F|  |TAMS 0x0000000086700000| PB 0x0000000086700000| Untracked 
|  54|0x0000000086800000, 0x0000000086800000, 0x0000000086900000|  0%| F|  |TAMS 0x0000000086800000| PB 0x0000000086800000| Untracked 
|  55|0x0000000086900000, 0x0000000086900000, 0x0000000086a00000|  0%| F|  |TAMS 0x0000000086900000| PB 0x0000000086900000| Untracked 
|  56|0x0000000086a00000, 0x0000000086a00000, 0x0000000086b00000|  0%| F|  |TAMS 0x0000000086a00000| PB 0x0000000086a00000| Untracked 
|  57|0x0000000086b00000, 0x0000000086b00000, 0x0000000086c00000|  0%| F|  |TAMS 0x0000000086b00000| PB 0x0000000086b00000| Untracked 
|  58|0x0000000086c00000, 0x0000000086c00000, 0x0000000086d00000|  0%| F|  |TAMS 0x0000000086c00000| PB 0x0000000086c00000| Untracked 
|  59|0x0000000086d00000, 0x0000000086d00000, 0x0000000086e00000|  0%| F|  |TAMS 0x0000000086d00000| PB 0x0000000086d00000| Untracked 
|  60|0x0000000086e00000, 0x0000000086e00000, 0x0000000086f00000|  0%| F|  |TAMS 0x0000000086e00000| PB 0x0000000086e00000| Untracked 
|  61|0x0000000086f00000, 0x0000000086f00000, 0x0000000087000000|  0%| F|  |TAMS 0x0000000086f00000| PB 0x0000000086f00000| Untracked 
|  62|0x0000000087000000, 0x0000000087000000, 0x0000000087100000|  0%| F|  |TAMS 0x0000000087000000| PB 0x0000000087000000| Untracked 
|  63|0x0000000087100000, 0x0000000087100000, 0x0000000087200000|  0%| F|  |TAMS 0x0000000087100000| PB 0x0000000087100000| Untracked 
|  64|0x0000000087200000, 0x0000000087200000, 0x0000000087300000|  0%| F|  |TAMS 0x0000000087200000| PB 0x0000000087200000| Untracked 
|  65|0x0000000087300000, 0x0000000087300000, 0x0000000087400000|  0%| F|  |TAMS 0x0000000087300000| PB 0x0000000087300000| Untracked 
|  66|0x0000000087400000, 0x0000000087400000, 0x0000000087500000|  0%| F|  |TAMS 0x0000000087400000| PB 0x0000000087400000| Untracked 
|  67|0x0000000087500000, 0x0000000087500000, 0x0000000087600000|  0%| F|  |TAMS 0x0000000087500000| PB 0x0000000087500000| Untracked 
|  68|0x0000000087600000, 0x0000000087600000, 0x0000000087700000|  0%| F|  |TAMS 0x0000000087600000| PB 0x0000000087600000| Untracked 
|  69|0x0000000087700000, 0x0000000087700000, 0x0000000087800000|  0%| F|  |TAMS 0x0000000087700000| PB 0x0000000087700000| Untracked 
|  70|0x0000000087800000, 0x0000000087800000, 0x0000000087900000|  0%| F|  |TAMS 0x0000000087800000| PB 0x0000000087800000| Untracked 
|  71|0x0000000087900000, 0x0000000087900000, 0x0000000087a00000|  0%| F|  |TAMS 0x0000000087900000| PB 0x0000000087900000| Untracked 
|  72|0x0000000087a00000, 0x0000000087a00000, 0x0000000087b00000|  0%| F|  |TAMS 0x0000000087a00000| PB 0x0000000087a00000| Untracked 
|  73|0x0000000087b00000, 0x0000000087b00000, 0x0000000087c00000|  0%| F|  |TAMS 0x0000000087b00000| PB 0x0000000087b00000| Untracked 
|  74|0x0000000087c00000, 0x0000000087c00000, 0x0000000087d00000|  0%| F|  |TAMS 0x0000000087c00000| PB 0x0000000087c00000| Untracked 
|  75|0x0000000087d00000, 0x0000000087d00000, 0x0000000087e00000|  0%| F|  |TAMS 0x0000000087d00000| PB 0x0000000087d00000| Untracked 
|  76|0x0000000087e00000, 0x0000000087e00000, 0x0000000087f00000|  0%| F|  |TAMS 0x0000000087e00000| PB 0x0000000087e00000| Untracked 
|  77|0x0000000087f00000, 0x0000000087f00000, 0x0000000088000000|  0%| F|  |TAMS 0x0000000087f00000| PB 0x0000000087f00000| Untracked 
|  78|0x0000000088000000, 0x0000000088000000, 0x0000000088100000|  0%| F|  |TAMS 0x0000000088000000| PB 0x0000000088000000| Untracked 
|  79|0x0000000088100000, 0x0000000088100000, 0x0000000088200000|  0%| F|  |TAMS 0x0000000088100000| PB 0x0000000088100000| Untracked 
|  80|0x0000000088200000, 0x0000000088200000, 0x0000000088300000|  0%| F|  |TAMS 0x0000000088200000| PB 0x0000000088200000| Untracked 
|  81|0x0000000088300000, 0x0000000088300000, 0x0000000088400000|  0%| F|  |TAMS 0x0000000088300000| PB 0x0000000088300000| Untracked 
|  82|0x0000000088400000, 0x0000000088400000, 0x0000000088500000|  0%| F|  |TAMS 0x0000000088400000| PB 0x0000000088400000| Untracked 
|  83|0x0000000088500000, 0x0000000088500000, 0x0000000088600000|  0%| F|  |TAMS 0x0000000088500000| PB 0x0000000088500000| Untracked 
|  84|0x0000000088600000, 0x0000000088600000, 0x0000000088700000|  0%| F|  |TAMS 0x0000000088600000| PB 0x0000000088600000| Untracked 
|  85|0x0000000088700000, 0x0000000088700000, 0x0000000088800000|  0%| F|  |TAMS 0x0000000088700000| PB 0x0000000088700000| Untracked 
|  86|0x0000000088800000, 0x0000000088800000, 0x0000000088900000|  0%| F|  |TAMS 0x0000000088800000| PB 0x0000000088800000| Untracked 
|  87|0x0000000088900000, 0x0000000088900000, 0x0000000088a00000|  0%| F|  |TAMS 0x0000000088900000| PB 0x0000000088900000| Untracked 
|  88|0x0000000088a00000, 0x0000000088a00000, 0x0000000088b00000|  0%| F|  |TAMS 0x0000000088a00000| PB 0x0000000088a00000| Untracked 
|  89|0x0000000088b00000, 0x0000000088b00000, 0x0000000088c00000|  0%| F|  |TAMS 0x0000000088b00000| PB 0x0000000088b00000| Untracked 
|  90|0x0000000088c00000, 0x0000000088c00000, 0x0000000088d00000|  0%| F|  |TAMS 0x0000000088c00000| PB 0x0000000088c00000| Untracked 
|  91|0x0000000088d00000, 0x0000000088d00000, 0x0000000088e00000|  0%| F|  |TAMS 0x0000000088d00000| PB 0x0000000088d00000| Untracked 
|  92|0x0000000088e00000, 0x0000000088e00000, 0x0000000088f00000|  0%| F|  |TAMS 0x0000000088e00000| PB 0x0000000088e00000| Untracked 
|  93|0x0000000088f00000, 0x0000000088f00000, 0x0000000089000000|  0%| F|  |TAMS 0x0000000088f00000| PB 0x0000000088f00000| Untracked 
|  94|0x0000000089000000, 0x0000000089000000, 0x0000000089100000|  0%| F|  |TAMS 0x0000000089000000| PB 0x0000000089000000| Untracked 
|  95|0x0000000089100000, 0x0000000089100000, 0x0000000089200000|  0%| F|  |TAMS 0x0000000089100000| PB 0x0000000089100000| Untracked 
|  96|0x0000000089200000, 0x0000000089200000, 0x0000000089300000|  0%| F|  |TAMS 0x0000000089200000| PB 0x0000000089200000| Untracked 
|  97|0x0000000089300000, 0x0000000089300000, 0x0000000089400000|  0%| F|  |TAMS 0x0000000089300000| PB 0x0000000089300000| Untracked 
|  98|0x0000000089400000, 0x0000000089400000, 0x0000000089500000|  0%| F|  |TAMS 0x0000000089400000| PB 0x0000000089400000| Untracked 
|  99|0x0000000089500000, 0x0000000089500000, 0x0000000089600000|  0%| F|  |TAMS 0x0000000089500000| PB 0x0000000089500000| Untracked 
| 100|0x0000000089600000, 0x0000000089600000, 0x0000000089700000|  0%| F|  |TAMS 0x0000000089600000| PB 0x0000000089600000| Untracked 
| 101|0x0000000089700000, 0x0000000089700000, 0x0000000089800000|  0%| F|  |TAMS 0x0000000089700000| PB 0x0000000089700000| Untracked 
| 102|0x0000000089800000, 0x0000000089800000, 0x0000000089900000|  0%| F|  |TAMS 0x0000000089800000| PB 0x0000000089800000| Untracked 
| 103|0x0000000089900000, 0x0000000089900000, 0x0000000089a00000|  0%| F|  |TAMS 0x0000000089900000| PB 0x0000000089900000| Untracked 
| 104|0x0000000089a00000, 0x0000000089a00000, 0x0000000089b00000|  0%| F|  |TAMS 0x0000000089a00000| PB 0x0000000089a00000| Untracked 
| 105|0x0000000089b00000, 0x0000000089b00000, 0x0000000089c00000|  0%| F|  |TAMS 0x0000000089b00000| PB 0x0000000089b00000| Untracked 
| 106|0x0000000089c00000, 0x0000000089c00000, 0x0000000089d00000|  0%| F|  |TAMS 0x0000000089c00000| PB 0x0000000089c00000| Untracked 
| 107|0x0000000089d00000, 0x0000000089d00000, 0x0000000089e00000|  0%| F|  |TAMS 0x0000000089d00000| PB 0x0000000089d00000| Untracked 
| 108|0x0000000089e00000, 0x0000000089e00000, 0x0000000089f00000|  0%| F|  |TAMS 0x0000000089e00000| PB 0x0000000089e00000| Untracked 
| 109|0x0000000089f00000, 0x0000000089f00000, 0x000000008a000000|  0%| F|  |TAMS 0x0000000089f00000| PB 0x0000000089f00000| Untracked 
| 110|0x000000008a000000, 0x000000008a000000, 0x000000008a100000|  0%| F|  |TAMS 0x000000008a000000| PB 0x000000008a000000| Untracked 
| 111|0x000000008a100000, 0x000000008a100000, 0x000000008a200000|  0%| F|  |TAMS 0x000000008a100000| PB 0x000000008a100000| Untracked 
| 112|0x000000008a200000, 0x000000008a200000, 0x000000008a300000|  0%| F|  |TAMS 0x000000008a200000| PB 0x000000008a200000| Untracked 
| 113|0x000000008a300000, 0x000000008a300000, 0x000000008a400000|  0%| F|  |TAMS 0x000000008a300000| PB 0x000000008a300000| Untracked 
| 114|0x000000008a400000, 0x000000008a400000, 0x000000008a500000|  0%| F|  |TAMS 0x000000008a400000| PB 0x000000008a400000| Untracked 
| 115|0x000000008a500000, 0x000000008a500000, 0x000000008a600000|  0%| F|  |TAMS 0x000000008a500000| PB 0x000000008a500000| Untracked 
| 116|0x000000008a600000, 0x000000008a600000, 0x000000008a700000|  0%| F|  |TAMS 0x000000008a600000| PB 0x000000008a600000| Untracked 
| 117|0x000000008a700000, 0x000000008a700000, 0x000000008a800000|  0%| F|  |TAMS 0x000000008a700000| PB 0x000000008a700000| Untracked 
| 118|0x000000008a800000, 0x000000008a800000, 0x000000008a900000|  0%| F|  |TAMS 0x000000008a800000| PB 0x000000008a800000| Untracked 
| 119|0x000000008a900000, 0x000000008a900000, 0x000000008aa00000|  0%| F|  |TAMS 0x000000008a900000| PB 0x000000008a900000| Untracked 
| 120|0x000000008aa00000, 0x000000008aa00000, 0x000000008ab00000|  0%| F|  |TAMS 0x000000008aa00000| PB 0x000000008aa00000| Untracked 
| 121|0x000000008ab00000, 0x000000008ab00000, 0x000000008ac00000|  0%| F|  |TAMS 0x000000008ab00000| PB 0x000000008ab00000| Untracked 
| 122|0x000000008ac00000, 0x000000008ac77b68, 0x000000008ad00000| 46%| E|  |TAMS 0x000000008ac00000| PB 0x000000008ac00000| Complete 
| 123|0x000000008ad00000, 0x000000008ae00000, 0x000000008ae00000|100%| E|CS|TAMS 0x000000008ad00000| PB 0x000000008ad00000| Complete 
| 124|0x000000008ae00000, 0x000000008af00000, 0x000000008af00000|100%| E|CS|TAMS 0x000000008ae00000| PB 0x000000008ae00000| Complete 
| 125|0x000000008af00000, 0x000000008b000000, 0x000000008b000000|100%| E|CS|TAMS 0x000000008af00000| PB 0x000000008af00000| Complete 

Card table byte_map: [0x0000029a48ba0000,0x0000029a48f90000] _byte_map_base: 0x0000029a48787000

Marking Bits: (CMBitMap*) 0x0000029a2f180b00
 Bits: [0x0000029a48f90000, 0x0000029a4aec8000)

Polling page: 0x0000029a2f1f0000

Metaspace:

Usage:
  Non-class:    987.77 KB used.
      Class:     95.85 KB used.
       Both:      1.06 MB used.

Virtual space:
  Non-class space:       64.00 MB reserved,       1.00 MB (  2%) committed,  1 nodes.
      Class space:        1.00 GB reserved,     192.00 KB ( <1%) committed,  1 nodes.
             Both:        1.06 GB reserved,       1.19 MB ( <1%) committed. 

Chunk freelists:
   Non-Class:  11.89 MB
       Class:  15.72 MB
        Both:  27.61 MB

MaxMetaspaceSize: unlimited
CompressedClassSpaceSize: 1.00 GB
Initial GC threshold: 21.00 MB
Current GC threshold: 21.00 MB
CDS: on
 - commit_granule_bytes: 65536.
 - commit_granule_words: 8192.
 - virtual_space_node_default_size: 8388608.
 - enlarge_chunks_in_place: 1.
 - use_allocation_guard: 0.


Internal statistics:

num_allocs_failed_limit: 0.
num_arena_births: 28.
num_arena_deaths: 0.
num_vsnodes_births: 2.
num_vsnodes_deaths: 0.
num_space_committed: 19.
num_space_uncommitted: 0.
num_chunks_returned_to_freelist: 0.
num_chunks_taken_from_freelist: 40.
num_chunk_merges: 0.
num_chunk_splits: 25.
num_chunks_enlarged: 15.
num_inconsistent_stats: 0.

CodeHeap 'non-profiled nmethods': size=120000Kb used=96Kb max_used=96Kb free=119903Kb
 bounds [0x0000029a40810000, 0x0000029a40a80000, 0x0000029a47d40000]
CodeHeap 'profiled nmethods': size=120000Kb used=321Kb max_used=321Kb free=119678Kb
 bounds [0x0000029a38d40000, 0x0000029a38fb0000, 0x0000029a40270000]
CodeHeap 'non-nmethods': size=5760Kb used=1312Kb max_used=1326Kb free=4447Kb
 bounds [0x0000029a40270000, 0x0000029a404e0000, 0x0000029a40810000]
 total_blobs=711 nmethods=285 adapters=331
 compilation: enabled
              stopped_count=0, restarted_count=0
 full_count=0

Compilation events (20 events):
Event: 0.344 Thread 0x0000029a4d99bcf0 nmethod 274 0x0000029a38d8d690 code [0x0000029a38d8d8a0, 0x0000029a38d8dee0]
Event: 0.345 Thread 0x0000029a4d99bcf0  276       3       java.lang.invoke.MemberName::getReferenceKind (12 bytes)
Event: 0.345 Thread 0x0000029a4d99bcf0 nmethod 276 0x0000029a38d8e190 code [0x0000029a38d8e320, 0x0000029a38d8e438]
Event: 0.345 Thread 0x0000029a4d99bcf0  278       3       java.lang.invoke.MethodType::<init> (15 bytes)
Event: 0.345 Thread 0x0000029a4d9904f0 nmethod 272 0x0000029a40827010 code [0x0000029a408271a0, 0x0000029a408273d8]
Event: 0.345 Thread 0x0000029a4d99bcf0 nmethod 278 0x0000029a38d8e510 code [0x0000029a38d8e6c0, 0x0000029a38d8e8e8]
Event: 0.345 Thread 0x0000029a4d99bcf0  279       3       java.lang.invoke.MethodType$ConcurrentWeakInternSet::get (47 bytes)
Event: 0.346 Thread 0x0000029a4d99bcf0 nmethod 279 0x0000029a38d8e990 code [0x0000029a38d8ebc0, 0x0000029a38d8f3c0]
Event: 0.346 Thread 0x0000029a4d99bcf0  277       3       java.lang.String::lastIndexOf (12 bytes)
Event: 0.347 Thread 0x0000029a4d99bcf0 nmethod 277 0x0000029a38d8f610 code [0x0000029a38d8f800, 0x0000029a38d8fc10]
Event: 0.347 Thread 0x0000029a4d99bcf0  280       1       java.lang.Class::getModule (5 bytes)
Event: 0.347 Thread 0x0000029a4d99bcf0 nmethod 280 0x0000029a40827810 code [0x0000029a408279a0, 0x0000029a40827a68]
Event: 0.348 Thread 0x0000029a4d99bcf0  282       1       java.lang.invoke.MethodHandles$Lookup::lookupClass (5 bytes)
Event: 0.348 Thread 0x0000029a4d99bcf0 nmethod 282 0x0000029a40827b10 code [0x0000029a40827ca0, 0x0000029a40827d68]
Event: 0.349 Thread 0x0000029a4d99bcf0  283       3       java.lang.String::toString (2 bytes)
Event: 0.350 Thread 0x0000029a4d99bcf0 nmethod 283 0x0000029a38d8fd90 code [0x0000029a38d8ff20, 0x0000029a38d90030]
Event: 0.354 Thread 0x0000029a4d99bcf0  284       3       java.util.zip.ZipUtils::CENEXT (9 bytes)
Event: 0.354 Thread 0x0000029a4d9904f0  286       4       java.lang.StringLatin1::canEncode (13 bytes)
Event: 0.354 Thread 0x0000029a4d99bcf0 nmethod 284 0x0000029a38d90090 code [0x0000029a38d90240, 0x0000029a38d903f0]
Event: 0.355 Thread 0x0000029a4d99bcf0  285       3       java.util.zip.ZipUtils::CENCOM (9 bytes)

GC Heap History (0 events):
No events

Dll operation events (9 events):
Event: 0.034 Loaded shared library C:\Users\valek\.jdks\openjdk-21\bin\java.dll
Event: 0.107 Loaded shared library C:\Users\valek\.jdks\openjdk-21\bin\jsvml.dll
Event: 0.209 Loaded shared library C:\Users\valek\.jdks\openjdk-21\bin\zip.dll
Event: 0.223 Loaded shared library C:\Users\valek\.jdks\openjdk-21\bin\instrument.dll
Event: 0.238 Loaded shared library C:\Users\valek\.jdks\openjdk-21\bin\net.dll
Event: 0.242 Loaded shared library C:\Users\valek\.jdks\openjdk-21\bin\nio.dll
Event: 0.248 Loaded shared library C:\Users\valek\.jdks\openjdk-21\bin\zip.dll
Event: 0.282 Loaded shared library C:\Program Files\JetBrains\IntelliJ IDEA Community Edition 2023.2.2\bin\breakgen64.dll
Event: 0.304 Loaded shared library C:\Users\valek\.jdks\openjdk-21\bin\extnet.dll

Deoptimization events (4 events):
Event: 0.285 Thread 0x0000029a2ee85810 Uncommon trap: trap_request=0xffffff45 fr.pc=0x0000029a40820664 relative=0x00000000000000c4
Event: 0.285 Thread 0x0000029a2ee85810 Uncommon trap: reason=unstable_if action=reinterpret pc=0x0000029a40820664 method=java.lang.String.isLatin1()Z @ 10 c2
Event: 0.285 Thread 0x0000029a2ee85810 DEOPT PACKING pc=0x0000029a40820664 sp=0x000000b2dedfedf0
Event: 0.285 Thread 0x0000029a2ee85810 DEOPT UNPACKING pc=0x0000029a402c46a2 sp=0x000000b2dedfed30 mode 2

Classes loaded (20 events):
Event: 0.317 Loading class sun/net/spi/DefaultProxySelector$NonProxyInfo
Event: 0.318 Loading class sun/nio/ch/IOStatus
Event: 0.318 Loading class sun/net/spi/DefaultProxySelector$NonProxyInfo done
Event: 0.318 Loading class sun/net/spi/DefaultProxySelector$3
Event: 0.318 Loading class sun/nio/ch/IOStatus done
Event: 0.318 Loading class sun/net/spi/DefaultProxySelector$3 done
Event: 0.319 Loading class sun/net/NetHooks
Event: 0.319 Loading class sun/net/NetHooks done
Event: 0.321 Loading class java/net/Socket$SocketInputStream
Event: 0.321 Loading class java/net/Socket$SocketInputStream done
Event: 0.321 Loading class sun/nio/ch/NioSocketImpl$1
Event: 0.321 Loading class sun/nio/ch/NioSocketImpl$1 done
Event: 0.322 Loading class sun/nio/cs/US_ASCII$Decoder
Event: 0.322 Loading class sun/nio/cs/US_ASCII$Decoder done
Event: 0.326 Loading class java/io/FilenameFilter
Event: 0.326 Loading class java/io/FilenameFilter done
Event: 0.350 Loading class java/net/URLClassLoader$1
Event: 0.350 Loading class java/net/URLClassLoader$1 done
Event: 0.350 Loading class jdk/internal/loader/URLClassPath$FileLoader
Event: 0.350 Loading class jdk/internal/loader/URLClassPath$FileLoader done

Classes unloaded (0 events):
No events

Classes redefined (0 events):
No events

Internal exceptions (4 events):
Event: 0.259 Thread 0x0000029a2ee85810 Exception <a 'java/lang/NoSuchMethodError'{0x000000008ad3d638}: 'void java.lang.invoke.DirectMethodHandle$Holder.invokeStatic(java.lang.Object, java.lang.Object, java.lang.Object)'> (0x000000008ad3d638) 
thrown [s\open\src\hotspot\share\interpreter\linkResolver.cpp, line 773]
Event: 0.273 Thread 0x0000029a2ee85810 Exception <a 'java/lang/NoSuchMethodError'{0x000000008ad54b40}: 'java.lang.Object java.lang.invoke.Invokers$Holder.invokeExact_MT(java.lang.Object, java.lang.Object, java.lang.Object, java.lang.Object, java.lang.Object)'> (0x000000008ad54b40) 
thrown [s\open\src\hotspot\share\interpreter\linkResolver.cpp, line 773]
Event: 0.305 Thread 0x0000029a4dbfd7a0 Exception <a 'java/lang/NoSuchMethodError'{0x000000008ad7ea50}: 'void java.lang.invoke.DirectMethodHandle$Holder.invokeStatic(java.lang.Object, java.lang.Object)'> (0x000000008ad7ea50) 
thrown [s\open\src\hotspot\share\interpreter\linkResolver.cpp, line 773]
Event: 0.345 Thread 0x0000029a2ee85810 Exception <a 'java/lang/NoSuchMethodError'{0x000000008ac41eb8}: 'int java.lang.invoke.DirectMethodHandle$Holder.invokeSpecial(java.lang.Object, java.lang.Object, java.lang.Object)'> (0x000000008ac41eb8) 
thrown [s\open\src\hotspot\share\interpreter\linkResolver.cpp, line 773]

ZGC Phase Switch (0 events):
No events

VM Operations (2 events):
Event: 0.169 Executing VM operation: HandshakeAllThreads (Deoptimize)
Event: 0.169 Executing VM operation: HandshakeAllThreads (Deoptimize) done

Events (12 events):
Event: 0.066 Thread 0x0000029a2ee85810 Thread added: 0x0000029a2ee85810
Event: 0.101 Thread 0x0000029a4d97d0b0 Thread added: 0x0000029a4d97d0b0
Event: 0.101 Thread 0x0000029a4d97ddd0 Thread added: 0x0000029a4d97ddd0
Event: 0.102 Thread 0x0000029a4d9809b0 Thread added: 0x0000029a4d9809b0
Event: 0.102 Thread 0x0000029a4d981b20 Thread added: 0x0000029a4d981b20
Event: 0.102 Thread 0x0000029a4d982580 Thread added: 0x0000029a4d982580
Event: 0.102 Thread 0x0000029a4d98d000 Thread added: 0x0000029a4d98d000
Event: 0.102 Thread 0x0000029a4d9904f0 Thread added: 0x0000029a4d9904f0
Event: 0.103 Thread 0x0000029a4d99bcf0 Thread added: 0x0000029a4d99bcf0
Event: 0.156 Thread 0x0000029a4dbfd110 Thread added: 0x0000029a4dbfd110
Event: 0.284 Thread 0x0000029a4dbfd7a0 Thread added: 0x0000029a4dbfd7a0
Event: 0.284 Thread 0x0000029a4dbfca80 Thread added: 0x0000029a4dbfca80


Dynamic libraries:
0x00007ff752de0000 - 0x00007ff752dee000 	C:\Users\valek\.jdks\openjdk-21\bin\java.exe
0x00007ffcde190000 - 0x00007ffcde3a7000 	C:\WINDOWS\SYSTEM32\ntdll.dll
0x00007ffcdd440000 - 0x00007ffcdd504000 	C:\WINDOWS\System32\KERNEL32.DLL
0x00007ffcdb940000 - 0x00007ffcdbcf7000 	C:\WINDOWS\System32\KERNELBASE.dll
0x00007ffcdb7a0000 - 0x00007ffcdb8b1000 	C:\WINDOWS\System32\ucrtbase.dll
0x00007ffcb40c0000 - 0x00007ffcb40d8000 	C:\Users\valek\.jdks\openjdk-21\bin\jli.dll
0x00007ffcb8a80000 - 0x00007ffcb8a9b000 	C:\Users\valek\.jdks\openjdk-21\bin\VCRUNTIME140.dll
0x00007ffcdd1c0000 - 0x00007ffcdd36f000 	C:\WINDOWS\System32\USER32.dll
0x00007ffcc3970000 - 0x00007ffcc3c03000 	C:\WINDOWS\WinSxS\amd64_microsoft.windows.common-controls_6595b64144ccf1df_6.0.22621.3672_none_2713b9d173822955\COMCTL32.dll
0x00007ffcdbe90000 - 0x00007ffcdbeb6000 	C:\WINDOWS\System32\win32u.dll
0x00007ffcdd370000 - 0x00007ffcdd399000 	C:\WINDOWS\System32\GDI32.dll
0x00007ffcddda0000 - 0x00007ffcdde47000 	C:\WINDOWS\System32\msvcrt.dll
0x00007ffcdbd00000 - 0x00007ffcdbe18000 	C:\WINDOWS\System32\gdi32full.dll
0x00007ffcdb6d0000 - 0x00007ffcdb76a000 	C:\WINDOWS\System32\msvcp_win.dll
0x00007ffcdccf0000 - 0x00007ffcdcd21000 	C:\WINDOWS\System32\IMM32.DLL
0x00007ffcc7190000 - 0x00007ffcc719c000 	C:\Users\valek\.jdks\openjdk-21\bin\vcruntime140_1.dll
0x00007ffca0750000 - 0x00007ffca07de000 	C:\Users\valek\.jdks\openjdk-21\bin\msvcp140.dll
0x00007ffc0e200000 - 0x00007ffc0ef13000 	C:\Users\valek\.jdks\openjdk-21\bin\server\jvm.dll
0x00007ffcddc60000 - 0x00007ffcddd12000 	C:\WINDOWS\System32\ADVAPI32.dll
0x00007ffcdd610000 - 0x00007ffcdd6b8000 	C:\WINDOWS\System32\sechost.dll
0x00007ffcdb770000 - 0x00007ffcdb798000 	C:\WINDOWS\System32\bcrypt.dll
0x00007ffcdcbd0000 - 0x00007ffcdcce4000 	C:\WINDOWS\System32\RPCRT4.dll
0x00007ffcddd20000 - 0x00007ffcddd91000 	C:\WINDOWS\System32\WS2_32.dll
0x00007ffcd0de0000 - 0x00007ffcd0e14000 	C:\WINDOWS\SYSTEM32\WINMM.dll
0x00007ffcced00000 - 0x00007ffcced0a000 	C:\WINDOWS\SYSTEM32\VERSION.dll
0x00007ffcdb370000 - 0x00007ffcdb3bd000 	C:\WINDOWS\SYSTEM32\POWRPROF.dll
0x00007ffcdb350000 - 0x00007ffcdb363000 	C:\WINDOWS\SYSTEM32\UMPDC.dll
0x00007ffcda4b0000 - 0x00007ffcda4c8000 	C:\WINDOWS\SYSTEM32\kernel.appcore.dll
0x00007ffcc6490000 - 0x00007ffcc649a000 	C:\Users\valek\.jdks\openjdk-21\bin\jimage.dll
0x00007ffcd5850000 - 0x00007ffcd5a82000 	C:\WINDOWS\SYSTEM32\DBGHELP.DLL
0x00007ffcdd8d0000 - 0x00007ffcddc5e000 	C:\WINDOWS\System32\combase.dll
0x00007ffcde050000 - 0x00007ffcde127000 	C:\WINDOWS\System32\OLEAUT32.dll
0x00007ffcc0490000 - 0x00007ffcc04c2000 	C:\WINDOWS\SYSTEM32\dbgcore.DLL
0x00007ffcdb8c0000 - 0x00007ffcdb93b000 	C:\WINDOWS\System32\bcryptPrimitives.dll
0x00007ffcc3750000 - 0x00007ffcc375f000 	C:\Users\valek\.jdks\openjdk-21\bin\instrument.dll
0x00007ffcb2d30000 - 0x00007ffcb2d4f000 	C:\Users\valek\.jdks\openjdk-21\bin\java.dll
0x00007ffcdc0e0000 - 0x00007ffcdc949000 	C:\WINDOWS\System32\SHELL32.dll
0x00007ffcd93c0000 - 0x00007ffcd9cbf000 	C:\WINDOWS\SYSTEM32\windows.storage.dll
0x00007ffcd9280000 - 0x00007ffcd93bf000 	C:\WINDOWS\SYSTEM32\wintypes.dll
0x00007ffcddea0000 - 0x00007ffcddf99000 	C:\WINDOWS\System32\SHCORE.dll
0x00007ffcdc080000 - 0x00007ffcdc0de000 	C:\WINDOWS\System32\shlwapi.dll
0x00007ffcdb3d0000 - 0x00007ffcdb3f7000 	C:\WINDOWS\SYSTEM32\profapi.dll
0x00007ffc8b970000 - 0x00007ffc8ba47000 	C:\Users\valek\.jdks\openjdk-21\bin\jsvml.dll
0x00007ffcb2c00000 - 0x00007ffcb2c18000 	C:\Users\valek\.jdks\openjdk-21\bin\zip.dll
0x00007ffcc5d00000 - 0x00007ffcc5d10000 	C:\Users\valek\.jdks\openjdk-21\bin\net.dll
0x00007ffcd3d00000 - 0x00007ffcd3e36000 	C:\WINDOWS\SYSTEM32\WINHTTP.dll
0x00007ffcda930000 - 0x00007ffcda999000 	C:\WINDOWS\system32\mswsock.dll
0x00007ffcb2c20000 - 0x00007ffcb2c36000 	C:\Users\valek\.jdks\openjdk-21\bin\nio.dll
0x00007ffcb09e0000 - 0x00007ffcb09fa000 	C:\Program Files\JetBrains\IntelliJ IDEA Community Edition 2023.2.2\bin\breakgen64.dll
0x00007ffcc5c40000 - 0x00007ffcc5c47000 	C:\Users\valek\.jdks\openjdk-21\bin\extnet.dll

dbghelp: loaded successfully - version: 4.0.5 - missing functions: none
symbol engine: initialized successfully - sym options: 0x614 - pdb path: .;C:\Users\valek\.jdks\openjdk-21\bin;C:\WINDOWS\SYSTEM32;C:\WINDOWS\WinSxS\amd64_microsoft.windows.common-controls_6595b64144ccf1df_6.0.22621.3672_none_2713b9d173822955;C:\Users\valek\.jdks\openjdk-21\bin\server;C:\Program Files\JetBrains\IntelliJ IDEA Community Edition 2023.2.2\bin

VM Arguments:
jvm_args: -Dmaven.multiModuleProjectDirectory=C:\Users\valek\Downloads\OrquestadorMicroservicios-main\webhook -Djansi.passthrough=true -Dmaven.home=C:\Users\valek\.m2\wrapper\dists\apache-maven-3.9.9-bin\4nf9hui3q3djbarqar9g711ggc\apache-maven-3.9.9 -Dclassworlds.conf=C:\Users\valek\.m2\wrapper\dists\apache-maven-3.9.9-bin\4nf9hui3q3djbarqar9g711ggc\apache-maven-3.9.9\bin\m2.conf -Dmaven.ext.class.path=C:\Program Files\JetBrains\IntelliJ IDEA Community Edition 2023.2.2\plugins\maven\lib\maven-event-listener.jar -javaagent:C:\Program Files\JetBrains\IntelliJ IDEA Community Edition 2023.2.2\lib\idea_rt.jar=62631:C:\Program Files\JetBrains\IntelliJ IDEA Community Edition 2023.2.2\bin -Dfile.encoding=UTF-8 -Dsun.stdout.encoding=UTF-8 -Dsun.stderr.encoding=UTF-8 
java_command: org.codehaus.classworlds.Launcher -Didea.version=2023.2.2 clean install
java_class_path (initial): C:\Users\valek\.m2\wrapper\dists\apache-maven-3.9.9-bin\4nf9hui3q3djbarqar9g711ggc\apache-maven-3.9.9\boot\plexus-classworlds-2.8.0.jar;C:\Users\valek\.m2\wrapper\dists\apache-maven-3.9.9-bin\4nf9hui3q3djbarqar9g711ggc\apache-maven-3.9.9\boot\plexus-classworlds.license
Launcher Type: SUN_STANDARD

[Global flags]
     intx CICompilerCount                          = 4                                         {product} {ergonomic}
     uint ConcGCThreads                            = 2                                         {product} {ergonomic}
     uint G1ConcRefinementThreads                  = 8                                         {product} {ergonomic}
   size_t G1HeapRegionSize                         = 1048576                                   {product} {ergonomic}
    uintx GCDrainStackTargetSize                   = 64                                        {product} {ergonomic}
   size_t InitialHeapSize                          = 132120576                                 {product} {ergonomic}
   size_t MarkStackSize                            = 4194304                                   {product} {ergonomic}
   size_t MaxHeapSize                              = 2095054848                                {product} {ergonomic}
   size_t MaxNewSize                               = 1256194048                                {product} {ergonomic}
   size_t MinHeapDeltaBytes                        = 1048576                                   {product} {ergonomic}
   size_t MinHeapSize                              = 8388608                                   {product} {ergonomic}
    uintx NonNMethodCodeHeapSize                   = 5839372                                {pd product} {ergonomic}
    uintx NonProfiledCodeHeapSize                  = 122909434                              {pd product} {ergonomic}
    uintx ProfiledCodeHeapSize                     = 122909434                              {pd product} {ergonomic}
    uintx ReservedCodeCacheSize                    = 251658240                              {pd product} {ergonomic}
     bool SegmentedCodeCache                       = true                                      {product} {ergonomic}
   size_t SoftMaxHeapSize                          = 2095054848                             {manageable} {ergonomic}
     bool UseCompressedOops                        = true                           {product lp64_product} {ergonomic}
     bool UseG1GC                                  = true                                      {product} {ergonomic}
     bool UseLargePagesIndividualAllocation        = false                                  {pd product} {ergonomic}

Logging:
Log output configuration:
 #0: stdout all=warning uptime,level,tags foldmultilines=false
 #1: stderr all=off uptime,level,tags foldmultilines=false

Environment Variables:
PATH=C:\Program Files\Eclipse Adoptium\jdk-17.0.4.101-hotspot\bin;C:\WINDOWS\system32;C:\WINDOWS;C:\WINDOWS\System32\Wbem;C:\WINDOWS\System32\WindowsPowerShell\v1.0\;C:\WINDOWS\System32\OpenSSH\;C:\Program Files\Git\cmd;C:\Program Files\GitHub CLI\;C:\Program Files\Docker\Docker\resources\bin;C:\Program Files\nodejs\;C:\Program Files\Cloudflare\Cloudflare WARP\;C:\Users\valek\AppData\Local\Microsoft\WindowsApps;C:\Users\valek\AppData\Local\Programs\Microsoft VS Code\bin;C:\Program Files\Git\cmd\git.exe;C:\Users\valek\AppData\Local\GitHubDesktop\bin;C:\Users\valek\AppData\Roaming\npm;C:\Program Files (x86)\MongoDB Atlas CLI\
USERNAME=valek
OS=Windows_NT
PROCESSOR_IDENTIFIER=Intel64 Family 6 Model 142 Stepping 12, GenuineIntel
TMP=C:\Users\valek\AppData\Local\Temp
TEMP=C:\Users\valek\AppData\Local\Temp




---------------  S Y S T E M  ---------------

OS:
 Windows 11 , 64 bit Build 22621 (10.0.22621.3958)
OS uptime: 3 days 13:08 hours
Hyper-V role detected

CPU: total 8 (initial active 8) (4 cores per cpu, 2 threads per core) family 6 model 142 stepping 12 microcode 0xde, cx8, cmov, fxsr, ht, mmx, 3dnowpref, sse, sse2, sse3, ssse3, sse4.1, sse4.2, popcnt, lzcnt, tsc, tscinvbit, avx, avx2, aes, erms, clmul, bmi1, bmi2, adx, fma, vzeroupper, clflush, clflushopt, hv, rdtscp, f16c
Processor Information for all 8 processors :
  Max Mhz: 2112, Current Mhz: 1609, Mhz Limit: 1605

Memory: 4k page, system-wide physical 7990M (325M free)
TotalPageFile size 32566M (AvailPageFile size 0M)
current process WorkingSet (physical memory assigned to process): 40M, peak: 40M
current process commit charge ("private bytes"): 209M, peak: 209M

vm_info: OpenJDK 64-Bit Server VM (21+35-2513) for windows-amd64 JRE (21+35-2513), built on 2023-08-09T20:25:10Z by "mach5one" with MS VC++ 17.1 (VS2022)

END.
