#
# There is insufficient memory for the Java Runtime Environment to continue.
# Native memory allocation (mmap) failed to map 132120576 bytes for G1 virtual space
# Possible reasons:
#   The system is out of physical RAM or swap space
#   The process is running with CompressedOops enabled, and the Java Heap may be blocking the growth of the native heap
# Possible solutions:
#   Reduce memory load on the system
#   Increase physical memory or swap space
#   Check if swap backing store is full
#   Decrease Java heap size (-Xmx/-Xms)
#   Decrease number of Java threads
#   Decrease Java thread stack sizes (-Xss)
#   Set larger code cache with -XX:ReservedCodeCacheSize=
#   JVM is running with Unscaled Compressed Oops mode in which the Java heap is
#     placed in the first 4GB address space. The Java Heap base address is the
#     maximum limit for the native heap growth. Please use -XX:HeapBaseMinAddress
#     to set the Java Heap base and to place the Java Heap above 4GB virtual address.
# This output file may be truncated or incomplete.
#
#  Out of Memory Error (os_windows.cpp:3600), pid=25608, tid=27912
#
# JRE version:  (21.0+35) (build )
# Java VM: OpenJDK 64-Bit Server VM (21+35-2513, mixed mode, sharing, tiered, compressed oops, compressed class ptrs, g1 gc, windows-amd64)
# No core dump will be written. Minidumps are not enabled by default on client versions of Windows
#

---------------  S U M M A R Y ------------

Command Line: C:\Users\valek\AppData\Local\Temp\surefire8954810792265507141\surefirebooter-20241023000435323_3.jar C:\Users\valek\AppData\Local\Temp\surefire8954810792265507141 2024-10-23T00-04-34_765-jvmRun1 surefire-20241023000435323_1tmp surefire_0-20241023000435323_2tmp

Host: Intel(R) Core(TM) i5-10210U CPU @ 1.60GHz, 8 cores, 7G,  Windows 11 , 64 bit Build 22621 (10.0.22621.3958)
Time: Wed Oct 23 00:04:35 2024 Hora est. Pacífico, Sudamérica elapsed time: 0.029427 seconds (0d 0h 0m 0s)

---------------  T H R E A D  ---------------

Current thread (0x000001f83c2cd760):  JavaThread "Unknown thread" [_thread_in_vm, id=27912, stack(0x000000ad41400000,0x000000ad41500000) (1024K)]

Stack: [0x000000ad41400000,0x000000ad41500000]
Native frames: (J=compiled Java code, j=interpreted, Vv=VM code, C=native code)
V  [jvm.dll+0x6c8d39]
V  [jvm.dll+0x854091]
V  [jvm.dll+0x85630e]
V  [jvm.dll+0x8569e3]
V  [jvm.dll+0x2809a6]
V  [jvm.dll+0x6c5425]
V  [jvm.dll+0x6b9e1a]
V  [jvm.dll+0x3555ba]
V  [jvm.dll+0x35d206]
V  [jvm.dll+0x3adf6e]
V  [jvm.dll+0x3ae218]
V  [jvm.dll+0x328fcc]
V  [jvm.dll+0x329b5b]
V  [jvm.dll+0x81c699]
V  [jvm.dll+0x3bb2a1]
V  [jvm.dll+0x805688]
V  [jvm.dll+0x44ed9e]
V  [jvm.dll+0x4506a1]
C  [jli.dll+0x52a3]
C  [ucrtbase.dll+0x29333]
C  [KERNEL32.DLL+0x1257d]
C  [ntdll.dll+0x5af08]


---------------  P R O C E S S  ---------------

Threads class SMR info:
_java_thread_list=0x00007ffc0edc7b48, length=0, elements={
}

Java Threads: ( => current thread )
Total: 0

Other Threads:
  0x000001f83e68b8b0 WorkerThread "GC Thread#0"                     [id=29060, stack(0x000000ad41500000,0x000000ad41600000) (1024K)]
  0x000001f83e69ca60 ConcurrentGCThread "G1 Main Marker"            [id=24288, stack(0x000000ad41600000,0x000000ad41700000) (1024K)]
  0x000001f83e69d560 WorkerThread "G1 Conc#0"                       [id=8624, stack(0x000000ad41700000,0x000000ad41800000) (1024K)]

[error occurred during error reporting (printing all threads), id 0xc0000005, EXCEPTION_ACCESS_VIOLATION (0xc0000005) at pc=0x00007ffc0e53c097]
VM state: not at safepoint (not fully initialized)

VM Mutex/Monitor currently owned by a thread:  ([mutex/lock_event])
[0x00007ffc0ee38648] Heap_lock - owner thread: 0x000001f83c2cd760

Heap address: 0x0000000083200000, size: 1998 MB, Compressed Oops mode: 32-bit

CDS archive(s) mapped at: [0x0000000000000000-0x0000000000000000-0x0000000000000000), size 0, SharedBaseAddress: 0x0000000800000000, ArchiveRelocationMode: 1.
Narrow klass base: 0x0000000000000000, Narrow klass shift: 0, Narrow klass range: 0x0

GC Precious Log:
 CardTable entry size: 512
 Card Set container configuration: InlinePtr #cards 5 size 8 Array Of Cards #cards 12 size 40 Howl #buckets 4 coarsen threshold 1843 Howl Bitmap #cards 512 size 80 coarsen threshold 460 Card regions per heap region 1 cards per card region 2048

Heap:
 garbage-first heap   total 0K, used 0K [0x0000000083200000, 0x0000000100000000)
  region size 1024K, 0 young (0K), 0 survivors (0K)

[error occurred during error reporting (printing heap information), id 0xc0000005, EXCEPTION_ACCESS_VIOLATION (0xc0000005) at pc=0x00007ffc0e921939]
GC Heap History (0 events):
No events

Dll operation events (1 events):
Event: 0.016 Loaded shared library C:\Users\valek\.jdks\openjdk-21\bin\java.dll

Deoptimization events (0 events):
No events

Classes loaded (0 events):
No events

Classes unloaded (0 events):
No events

Classes redefined (0 events):
No events

Internal exceptions (0 events):
No events

ZGC Phase Switch (0 events):
No events

VM Operations (0 events):
No events

Events (0 events):
No events


Dynamic libraries:
0x00007ff752de0000 - 0x00007ff752dee000 	C:\Users\valek\.jdks\openjdk-21\bin\java.exe
0x00007ffcde190000 - 0x00007ffcde3a7000 	C:\WINDOWS\SYSTEM32\ntdll.dll
0x00007ffcdd440000 - 0x00007ffcdd504000 	C:\WINDOWS\System32\KERNEL32.DLL
0x00007ffcdb940000 - 0x00007ffcdbcf7000 	C:\WINDOWS\System32\KERNELBASE.dll
0x00007ffcdb7a0000 - 0x00007ffcdb8b1000 	C:\WINDOWS\System32\ucrtbase.dll
0x00007ffcb8a80000 - 0x00007ffcb8a9b000 	C:\Users\valek\.jdks\openjdk-21\bin\VCRUNTIME140.dll
0x00007ffcb40c0000 - 0x00007ffcb40d8000 	C:\Users\valek\.jdks\openjdk-21\bin\jli.dll
0x00007ffcdd1c0000 - 0x00007ffcdd36f000 	C:\WINDOWS\System32\USER32.dll
0x00007ffcc3970000 - 0x00007ffcc3c03000 	C:\WINDOWS\WinSxS\amd64_microsoft.windows.common-controls_6595b64144ccf1df_6.0.22621.3672_none_2713b9d173822955\COMCTL32.dll
0x00007ffcdbe90000 - 0x00007ffcdbeb6000 	C:\WINDOWS\System32\win32u.dll
0x00007ffcddda0000 - 0x00007ffcdde47000 	C:\WINDOWS\System32\msvcrt.dll
0x00007ffcdd370000 - 0x00007ffcdd399000 	C:\WINDOWS\System32\GDI32.dll
0x00007ffcdbd00000 - 0x00007ffcdbe18000 	C:\WINDOWS\System32\gdi32full.dll
0x00007ffcdb6d0000 - 0x00007ffcdb76a000 	C:\WINDOWS\System32\msvcp_win.dll
0x00007ffcdccf0000 - 0x00007ffcdcd21000 	C:\WINDOWS\System32\IMM32.DLL
0x00007ffcc7190000 - 0x00007ffcc719c000 	C:\Users\valek\.jdks\openjdk-21\bin\vcruntime140_1.dll
0x00007ffca0750000 - 0x00007ffca07de000 	C:\Users\valek\.jdks\openjdk-21\bin\msvcp140.dll
0x00007ffc0e200000 - 0x00007ffc0ef13000 	C:\Users\valek\.jdks\openjdk-21\bin\server\jvm.dll
0x00007ffcddc60000 - 0x00007ffcddd12000 	C:\WINDOWS\System32\ADVAPI32.dll
0x00007ffcdd610000 - 0x00007ffcdd6b8000 	C:\WINDOWS\System32\sechost.dll
0x00007ffcdb770000 - 0x00007ffcdb798000 	C:\WINDOWS\System32\bcrypt.dll
0x00007ffcdcbd0000 - 0x00007ffcdcce4000 	C:\WINDOWS\System32\RPCRT4.dll
0x00007ffcddd20000 - 0x00007ffcddd91000 	C:\WINDOWS\System32\WS2_32.dll
0x00007ffcdb370000 - 0x00007ffcdb3bd000 	C:\WINDOWS\SYSTEM32\POWRPROF.dll
0x00007ffcd0de0000 - 0x00007ffcd0e14000 	C:\WINDOWS\SYSTEM32\WINMM.dll
0x00007ffcced00000 - 0x00007ffcced0a000 	C:\WINDOWS\SYSTEM32\VERSION.dll
0x00007ffcdb350000 - 0x00007ffcdb363000 	C:\WINDOWS\SYSTEM32\UMPDC.dll
0x00007ffcda4b0000 - 0x00007ffcda4c8000 	C:\WINDOWS\SYSTEM32\kernel.appcore.dll
0x00007ffcc6490000 - 0x00007ffcc649a000 	C:\Users\valek\.jdks\openjdk-21\bin\jimage.dll
0x00007ffcd5850000 - 0x00007ffcd5a82000 	C:\WINDOWS\SYSTEM32\DBGHELP.DLL
0x00007ffcdd8d0000 - 0x00007ffcddc5e000 	C:\WINDOWS\System32\combase.dll
0x00007ffcde050000 - 0x00007ffcde127000 	C:\WINDOWS\System32\OLEAUT32.dll
0x00007ffcc0490000 - 0x00007ffcc04c2000 	C:\WINDOWS\SYSTEM32\dbgcore.DLL
0x00007ffcdb8c0000 - 0x00007ffcdb93b000 	C:\WINDOWS\System32\bcryptPrimitives.dll
0x00007ffcb2d30000 - 0x00007ffcb2d4f000 	C:\Users\valek\.jdks\openjdk-21\bin\java.dll

dbghelp: loaded successfully - version: 4.0.5 - missing functions: none
symbol engine: initialized successfully - sym options: 0x614 - pdb path: .;C:\Users\valek\.jdks\openjdk-21\bin;C:\WINDOWS\SYSTEM32;C:\WINDOWS\WinSxS\amd64_microsoft.windows.common-controls_6595b64144ccf1df_6.0.22621.3672_none_2713b9d173822955;C:\Users\valek\.jdks\openjdk-21\bin\server

VM Arguments:
java_command: C:\Users\valek\AppData\Local\Temp\surefire8954810792265507141\surefirebooter-20241023000435323_3.jar C:\Users\valek\AppData\Local\Temp\surefire8954810792265507141 2024-10-23T00-04-34_765-jvmRun1 surefire-20241023000435323_1tmp surefire_0-20241023000435323_2tmp
java_class_path (initial): C:\Users\valek\AppData\Local\Temp\surefire8954810792265507141\surefirebooter-20241023000435323_3.jar
Launcher Type: SUN_STANDARD

[Global flags]
     intx CICompilerCount                          = 4                                         {product} {ergonomic}
     uint ConcGCThreads                            = 2                                         {product} {ergonomic}
     uint G1ConcRefinementThreads                  = 8                                         {product} {ergonomic}
   size_t G1HeapRegionSize                         = 1048576                                   {product} {ergonomic}
    uintx GCDrainStackTargetSize                   = 64                                        {product} {ergonomic}
   size_t InitialHeapSize                          = 132120576                                 {product} {ergonomic}
   size_t MarkStackSize                            = 4194304                                   {product} {ergonomic}
   size_t MaxHeapSize                              = 2095054848                                {product} {ergonomic}
   size_t MinHeapDeltaBytes                        = 1048576                                   {product} {ergonomic}
   size_t MinHeapSize                              = 8388608                                   {product} {ergonomic}
    uintx NonNMethodCodeHeapSize                   = 5839372                                {pd product} {ergonomic}
    uintx NonProfiledCodeHeapSize                  = 122909434                              {pd product} {ergonomic}
    uintx ProfiledCodeHeapSize                     = 122909434                              {pd product} {ergonomic}
    uintx ReservedCodeCacheSize                    = 251658240                              {pd product} {ergonomic}
     bool SegmentedCodeCache                       = true                                      {product} {ergonomic}
   size_t SoftMaxHeapSize                          = 2095054848                             {manageable} {ergonomic}
     bool UseCompressedOops                        = true                           {product lp64_product} {ergonomic}
     bool UseG1GC                                  = true                                      {product} {ergonomic}
     bool UseLargePagesIndividualAllocation        = false                                  {pd product} {ergonomic}

Logging:
Log output configuration:
 #0: stdout all=warning uptime,level,tags foldmultilines=false
 #1: stderr all=off uptime,level,tags foldmultilines=false

Environment Variables:
PATH=C:\Program Files\Eclipse Adoptium\jdk-17.0.4.101-hotspot\bin;C:\WINDOWS\system32;C:\WINDOWS;C:\WINDOWS\System32\Wbem;C:\WINDOWS\System32\WindowsPowerShell\v1.0\;C:\WINDOWS\System32\OpenSSH\;C:\Program Files\Git\cmd;C:\Program Files\GitHub CLI\;C:\Program Files\Docker\Docker\resources\bin;C:\Program Files\nodejs\;C:\Program Files\Cloudflare\Cloudflare WARP\;C:\Users\valek\AppData\Local\Microsoft\WindowsApps;C:\Users\valek\AppData\Local\Programs\Microsoft VS Code\bin;C:\Program Files\Git\cmd\git.exe;C:\Users\valek\AppData\Local\GitHubDesktop\bin;C:\Users\valek\AppData\Roaming\npm;C:\Program Files (x86)\MongoDB Atlas CLI\
USERNAME=valek
OS=Windows_NT
PROCESSOR_IDENTIFIER=Intel64 Family 6 Model 142 Stepping 12, GenuineIntel
TMP=C:\Users\valek\AppData\Local\Temp
TEMP=C:\Users\valek\AppData\Local\Temp




---------------  S Y S T E M  ---------------

OS:
 Windows 11 , 64 bit Build 22621 (10.0.22621.3958)
OS uptime: 3 days 13:02 hours
Hyper-V role detected

CPU: total 8 (initial active 8) (4 cores per cpu, 2 threads per core) family 6 model 142 stepping 12 microcode 0xde, cx8, cmov, fxsr, ht, mmx, 3dnowpref, sse, sse2, sse3, ssse3, sse4.1, sse4.2, popcnt, lzcnt, tsc, tscinvbit, avx, avx2, aes, erms, clmul, bmi1, bmi2, adx, fma, vzeroupper, clflush, clflushopt, hv, rdtscp, f16c
Processor Information for all 8 processors :
  Max Mhz: 2112, Current Mhz: 1609, Mhz Limit: 1605

Memory: 4k page, system-wide physical 7990M (438M free)
TotalPageFile size 32566M (AvailPageFile size 18M)
current process WorkingSet (physical memory assigned to process): 11M, peak: 11M
current process commit charge ("private bytes"): 60M, peak: 186M

vm_info: OpenJDK 64-Bit Server VM (21+35-2513) for windows-amd64 JRE (21+35-2513), built on 2023-08-09T20:25:10Z by "mach5one" with MS VC++ 17.1 (VS2022)

END.
